0 info it worked if it ends with ok
1 verbose cli [ 'C:\\Program Files (x86)\\nodejs\\node.exe',
1 verbose cli   'C:\\Program Files (x86)\\nodejs\\node_modules\\npm\\bin\\npm-cli.js',
1 verbose cli   'run',
1 verbose cli   'bs' ]
2 info using npm@3.10.8
3 info using node@v6.9.1
4 verbose run-script [ 'prebs', 'bs', 'postbs' ]
5 info lifecycle ng-crm@1.0.0~prebs: ng-crm@1.0.0
6 silly lifecycle ng-crm@1.0.0~prebs: no script for prebs, continuing
7 info lifecycle ng-crm@1.0.0~bs: ng-crm@1.0.0
8 verbose lifecycle ng-crm@1.0.0~bs: unsafe-perm in lifecycle true
9 verbose lifecycle ng-crm@1.0.0~bs: PATH: C:\Program Files (x86)\nodejs\node_modules\npm\bin\node-gyp-bin;c:\work\nbg\angular2\ngCrm\node_modules\.bin;C:\Program Files (x86)\nodejs\node_modules\npm\bin\node-gyp-bin;c:\work\nbg\angular2\ngCrm\node_modules\.bin;C:\Program Files\ImageMagick-7.0.3-Q16;C:\ProgramData\Oracle\Java\javapath;C:\Program Files\Common Files\Microsoft Shared\Microsoft Online Services;C:\Program Files (x86)\Common Files\Microsoft Shared\Microsoft Online Services;C:\WINDOWS\system32;C:\WINDOWS;C:\WINDOWS\System32\Wbem;C:\WINDOWS\System32\WindowsPowerShell\v1.0\;C:\Program Files\Microsoft SQL Server\120\Tools\Binn\;C:\Program Files\Microsoft SQL Server\130\Tools\Binn\;C:\Program Files (x86)\Skype\Phone\;C:\Program Files\Microsoft\Web Platform Installer\;C:\Program Files\Microsoft Service Fabric\bin\Fabric\Fabric.Code;C:\Program Files\Microsoft SDKs\Service Fabric\Tools\ServiceFabricLocalClusterManager;C:\Program Files (x86)\Microsoft Emulator Manager\1.0\;C:\Program Files (x86)\Windows Kits\10\Windows Performance Toolkit\;C:\Program Files (x86)\essysadmintools;C:\Program Files (x86)\nodejs\;C:\Program Files\dotnet\;C:\Program Files\Git\cmd;C:\Users\spyrosg\.dnx\bin;C:\Program Files (x86)\Microsoft VS Code\bin;C:\Program Files\Java\jdk1.8.0_91\bin;C:\Users\spyrosg\AppData\Local\Microsoft\WindowsApps;C:\Users\spyrosg\AppData\Roaming\npm
10 verbose lifecycle ng-crm@1.0.0~bs: CWD: c:\work\nbg\angular2\ngCrm
11 silly lifecycle ng-crm@1.0.0~bs: Args: [ '/d /s /c', 'browser-sync start --config bs-config.js' ]
12 silly lifecycle ng-crm@1.0.0~bs: Returned: code: 1  signal: null
13 info lifecycle ng-crm@1.0.0~bs: Failed to exec bs script
14 verbose stack Error: ng-crm@1.0.0 bs: `browser-sync start --config bs-config.js`
14 verbose stack Exit status 1
14 verbose stack     at EventEmitter.<anonymous> (C:\Program Files (x86)\nodejs\node_modules\npm\lib\utils\lifecycle.js:255:16)
14 verbose stack     at emitTwo (events.js:106:13)
14 verbose stack     at EventEmitter.emit (events.js:191:7)
14 verbose stack     at ChildProcess.<anonymous> (C:\Program Files (x86)\nodejs\node_modules\npm\lib\utils\spawn.js:40:14)
14 verbose stack     at emitTwo (events.js:106:13)
14 verbose stack     at ChildProcess.emit (events.js:191:7)
14 verbose stack     at maybeClose (internal/child_process.js:877:16)
14 verbose stack     at Process.ChildProcess._handle.onexit (internal/child_process.js:226:5)
15 verbose pkgid ng-crm@1.0.0
16 verbose cwd c:\work\nbg\angular2\ngCrm
17 error Windows_NT 10.0.14393
18 error argv "C:\\Program Files (x86)\\nodejs\\node.exe" "C:\\Program Files (x86)\\nodejs\\node_modules\\npm\\bin\\npm-cli.js" "run" "bs"
19 error node v6.9.1
20 error npm  v3.10.8
21 error code ELIFECYCLE
22 error ng-crm@1.0.0 bs: `browser-sync start --config bs-config.js`
22 error Exit status 1
23 error Failed at the ng-crm@1.0.0 bs script 'browser-sync start --config bs-config.js'.
23 error Make sure you have the latest version of node.js and npm installed.
23 error If you do, this is most likely a problem with the ng-crm package,
23 error not with npm itself.
23 error Tell the author that this fails on your system:
23 error     browser-sync start --config bs-config.js
23 error You can get information on how to open an issue for this project with:
23 error     npm bugs ng-crm
23 error Or if that isn't available, you can get their info via:
23 error     npm owner ls ng-crm
23 error There is likely additional logging output above.
24 verbose exit [ 1, true ]
